[1122/112729.399:ERROR:directory_reader_win.cc(43)] FindFirstFile: The system cannot find the path specified. (0x3)
[1122/143647.827:ERROR:directory_reader_win.cc(43)] FindFirstFile: The system cannot find the path specified. (0x3)
[1123/113156.241:ERROR:directory_reader_win.cc(43)] FindFirstFile: The system cannot find the path specified. (0x3)
[1123/135014.459:ERROR:directory_reader_win.cc(43)] FindFirstFile: The system cannot find the path specified. (0x3)
[1129/152410.843:ERROR:directory_reader_win.cc(43)] FindFirstFile: The system cannot find the path specified. (0x3)
[1202/173308.692:ERROR:process_memory_win.cc(73)] ReadMemory at 0x17900050000 of 64 bytes failed: Only part of a ReadProcessMemory or WriteProcessMemory request was completed. (0x12B)
[1202/173308.693:WARNING:pe_image_reader.cc(340)] could not read dos header from C:\Windows\System32\NSI.dll
[1202/173308.695:ERROR:process_memory_win.cc(73)] ReadMemory at 0x1797837b300 of 72 bytes failed: Only part of a ReadProcessMemory or WriteProcessMemory request was completed. (0x12B)
[1202/173308.695:WARNING:pe_image_annotations_reader.cc(135)] could not read annotations list object in C:\Program Files (x86)\Google\Chrome\Application\86.0.4240.198\chrome_elf.dll
[1202/173308.695:ERROR:process_memory_win.cc(73)] ReadMemory at 0x179783b6de0 of 72 bytes failed: Only part of a ReadProcessMemory or WriteProcessMemory request was completed. (0x12B)
[1202/173308.695:WARNING:pe_image_annotations_reader.cc(135)] could not read annotations list object in C:\Program Files (x86)\Google\Chrome\Application\86.0.4240.198\chrome.dll
[1202/173308.696:ERROR:process_memory_win.cc(73)] ReadMemory at 0x17900050000 of 64 bytes failed: Only part of a ReadProcessMemory or WriteProcessMemory request was completed. (0x12B)
[1202/173308.696:WARNING:pe_image_reader.cc(340)] could not read dos header from C:\Windows\System32\NSI.dll
[1202/173308.696:ERROR:process_memory_win.cc(73)] ReadMemory at 0x1797837b300 of 72 bytes failed: Only part of a ReadProcessMemory or WriteProcessMemory request was completed. (0x12B)
[1202/173308.696:WARNING:pe_image_annotations_reader.cc(135)] could not read annotations list object in C:\Program Files (x86)\Google\Chrome\Application\86.0.4240.198\chrome_elf.dll
[1202/173308.696:ERROR:process_memory_win.cc(73)] ReadMemory at 0x179783b6de0 of 72 bytes failed: Only part of a ReadProcessMemory or WriteProcessMemory request was completed. (0x12B)
[1202/173308.696:WARNING:pe_image_annotations_reader.cc(135)] could not read annotations list object in C:\Program Files (x86)\Google\Chrome\Application\86.0.4240.198\chrome.dll
[1202/173308.697:ERROR:process_memory_win.cc(73)] ReadMemory at 0x17900050000 of 64 bytes failed: Only part of a ReadProcessMemory or WriteProcessMemory request was completed. (0x12B)
[1202/173308.697:WARNING:pe_image_reader.cc(340)] could not read dos header from C:\Windows\System32\NSI.dll
[1202/173308.703:ERROR:process_memory_win.cc(73)] ReadMemory at 0x6df61ee000 of 73728 bytes failed: Only part of a ReadProcessMemory or WriteProcessMemory request was completed. (0x12B)
[1202/173308.703:ERROR:process_memory_win.cc(73)] ReadMemory at 0x6df69fe000 of 8192 bytes failed: Only part of a ReadProcessMemory or WriteProcessMemory request was completed. (0x12B)
[1202/173308.703:ERROR:process_memory_win.cc(73)] ReadMemory at 0x6df71fd000 of 12288 bytes failed: Only part of a ReadProcessMemory or WriteProcessMemory request was completed. (0x12B)
[1202/173308.703:ERROR:process_memory_win.cc(73)] ReadMemory at 0x6df79fe000 of 8192 bytes failed: Only part of a ReadProcessMemory or WriteProcessMemory request was completed. (0x12B)
[1202/173308.703:ERROR:process_memory_win.cc(73)] ReadMemory at 0x6df81fd000 of 12288 bytes failed: Only part of a ReadProcessMemory or WriteProcessMemory request was completed. (0x12B)
[1202/173308.703:ERROR:process_memory_win.cc(73)] ReadMemory at 0x6df89fe000 of 8192 bytes failed: Only part of a ReadProcessMemory or WriteProcessMemory request was completed. (0x12B)
[1202/173308.703:ERROR:process_memory_win.cc(73)] ReadMemory at 0x6df91fe000 of 8192 bytes failed: Only part of a ReadProcessMemory or WriteProcessMemory request was completed. (0x12B)
[1202/173308.703:ERROR:process_memory_win.cc(73)] ReadMemory at 0x6df99fd000 of 12288 bytes failed: Only part of a ReadProcessMemory or WriteProcessMemory request was completed. (0x12B)
[1202/173308.703:ERROR:process_memory_win.cc(73)] ReadMemory at 0x6dfa1fe000 of 8192 bytes failed: Only part of a ReadProcessMemory or WriteProcessMemory request was completed. (0x12B)
[1202/173308.703:ERROR:process_memory_win.cc(73)] ReadMemory at 0x6dfa9fe000 of 8192 bytes failed: Only part of a ReadProcessMemory or WriteProcessMemory request was completed. (0x12B)
[1202/173308.703:ERROR:process_memory_win.cc(73)] ReadMemory at 0x6dfb1fe000 of 8192 bytes failed: Only part of a ReadProcessMemory or WriteProcessMemory request was completed. (0x12B)
[1202/173308.703:ERROR:process_memory_win.cc(73)] ReadMemory at 0x6dfb9fe000 of 8192 bytes failed: Only part of a ReadProcessMemory or WriteProcessMemory request was completed. (0x12B)
[1202/173308.703:ERROR:process_memory_win.cc(73)] ReadMemory at 0x6dfc1fe000 of 8192 bytes failed: Only part of a ReadProcessMemory or WriteProcessMemory request was completed. (0x12B)
[1202/173308.703:ERROR:process_memory_win.cc(73)] ReadMemory at 0x6dfc9fe000 of 8192 bytes failed: Only part of a ReadProcessMemory or WriteProcessMemory request was completed. (0x12B)
[1202/173308.704:ERROR:process_memory_win.cc(73)] ReadMemory at 0x6dfd1fe000 of 8192 bytes failed: Only part of a ReadProcessMemory or WriteProcessMemory request was completed. (0x12B)
[1202/173308.704:ERROR:process_memory_win.cc(73)] ReadMemory at 0x6dfd9fe000 of 8192 bytes failed: Only part of a ReadProcessMemory or WriteProcessMemory request was completed. (0x12B)
[1202/173308.704:ERROR:process_memory_win.cc(73)] ReadMemory at 0x6dfe1fd000 of 12288 bytes failed: Only part of a ReadProcessMemory or WriteProcessMemory request was completed. (0x12B)
[1202/173308.704:ERROR:process_memory_win.cc(73)] ReadMemory at 0x6dff1fd000 of 12288 bytes failed: Only part of a ReadProcessMemory or WriteProcessMemory request was completed. (0x12B)
[1202/173308.704:ERROR:process_memory_win.cc(73)] ReadMemory at 0x6dfe9fd000 of 12288 bytes failed: Only part of a ReadProcessMemory or WriteProcessMemory request was completed. (0x12B)
[1202/173308.704:ERROR:process_memory_win.cc(73)] ReadMemory at 0x6dff9fe000 of 8192 bytes failed: Only part of a ReadProcessMemory or WriteProcessMemory request was completed. (0x12B)
[1202/173308.704:ERROR:process_memory_win.cc(73)] ReadMemory at 0x6d807fd000 of 12288 bytes failed: Only part of a ReadProcessMemory or WriteProcessMemory request was completed. (0x12B)
[1202/173308.704:ERROR:process_memory_win.cc(73)] ReadMemory at 0x6df5843000 of 852 bytes failed: Only part of a ReadProcessMemory or WriteProcessMemory request was completed. (0x12B)
[1202/173308.704:ERROR:process_memory_win.cc(73)] ReadMemory at 0x6df5844000 of 6024 bytes failed: Only part of a ReadProcessMemory or WriteProcessMemory request was completed. (0x12B)
[1202/173308.704:ERROR:process_memory_win.cc(73)] ReadMemory at 0x6df5846000 of 6024 bytes failed: Only part of a ReadProcessMemory or WriteProcessMemory request was completed. (0x12B)
[1202/173308.704:ERROR:process_memory_win.cc(73)] ReadMemory at 0x6df5848000 of 6024 bytes failed: Only part of a ReadProcessMemory or WriteProcessMemory request was completed. (0x12B)
[1202/173308.704:ERROR:process_memory_win.cc(73)] ReadMemory at 0x6df584a000 of 6024 bytes failed: Only part of a ReadProcessMemory or WriteProcessMemory request was completed. (0x12B)
[1202/173308.704:ERROR:process_memory_win.cc(73)] ReadMemory at 0x6df584c000 of 6024 bytes failed: Only part of a ReadProcessMemory or WriteProcessMemory request was completed. (0x12B)
[1202/173308.704:ERROR:process_memory_win.cc(73)] ReadMemory at 0x6df584e000 of 6024 bytes failed: Only part of a ReadProcessMemory or WriteProcessMemory request was completed. (0x12B)
[1202/173308.704:ERROR:process_memory_win.cc(73)] ReadMemory at 0x6df5850000 of 6024 bytes failed: Only part of a ReadProcessMemory or WriteProcessMemory request was completed. (0x12B)
[1202/173308.704:ERROR:process_memory_win.cc(73)] ReadMemory at 0x6df5852000 of 6024 bytes failed: Only part of a ReadProcessMemory or WriteProcessMemory request was completed. (0x12B)
[1202/173308.705:ERROR:process_memory_win.cc(73)] ReadMemory at 0x6df5854000 of 6024 bytes failed: Only part of a ReadProcessMemory or WriteProcessMemory request was completed. (0x12B)
[1202/173308.705:ERROR:process_memory_win.cc(73)] ReadMemory at 0x6df5856000 of 6024 bytes failed: Only part of a ReadProcessMemory or WriteProcessMemory request was completed. (0x12B)
[1202/173308.705:ERROR:process_memory_win.cc(73)] ReadMemory at 0x6df5858000 of 6024 bytes failed: Only part of a ReadProcessMemory or WriteProcessMemory request was completed. (0x12B)
[1202/173308.705:ERROR:process_memory_win.cc(73)] ReadMemory at 0x6df585a000 of 6024 bytes failed: Only part of a ReadProcessMemory or WriteProcessMemory request was completed. (0x12B)
[1202/173308.705:ERROR:process_memory_win.cc(73)] ReadMemory at 0x6df585c000 of 6024 bytes failed: Only part of a ReadProcessMemory or WriteProcessMemory request was completed. (0x12B)
[1202/173308.705:ERROR:process_memory_win.cc(73)] ReadMemory at 0x6df585e000 of 6024 bytes failed: Only part of a ReadProcessMemory or WriteProcessMemory request was completed. (0x12B)
[1202/173308.705:ERROR:process_memory_win.cc(73)] ReadMemory at 0x6df5860000 of 6024 bytes failed: Only part of a ReadProcessMemory or WriteProcessMemory request was completed. (0x12B)
[1202/173308.705:ERROR:process_memory_win.cc(73)] ReadMemory at 0x6df5862000 of 6024 bytes failed: Only part of a ReadProcessMemory or WriteProcessMemory request was completed. (0x12B)
[1202/173308.705:ERROR:process_memory_win.cc(73)] ReadMemory at 0x6df5864000 of 6024 bytes failed: Only part of a ReadProcessMemory or WriteProcessMemory request was completed. (0x12B)
[1202/173308.705:ERROR:process_memory_win.cc(73)] ReadMemory at 0x6df5866000 of 6024 bytes failed: Only part of a ReadProcessMemory or WriteProcessMemory request was completed. (0x12B)
[1202/173308.705:ERROR:process_memory_win.cc(73)] ReadMemory at 0x6df5868000 of 6024 bytes failed: Only part of a ReadProcessMemory or WriteProcessMemory request was completed. (0x12B)
[1202/173308.705:ERROR:process_memory_win.cc(73)] ReadMemory at 0x6df586a000 of 6024 bytes failed: Only part of a ReadProcessMemory or WriteProcessMemory request was completed. (0x12B)
[1202/173308.705:ERROR:process_memory_win.cc(73)] ReadMemory at 0x6df586c000 of 6024 bytes failed: Only part of a ReadProcessMemory or WriteProcessMemory request was completed. (0x12B)
[1202/173308.705:ERROR:process_memory_win.cc(73)] ReadMemory at 0x179014a37d0 of 512 bytes failed: Only part of a ReadProcessMemory or WriteProcessMemory request was completed. (0x12B)
[1202/173308.705:ERROR:process_memory_win.cc(73)] ReadMemory at 0x179014bf3b6 of 544 bytes failed: Only part of a ReadProcessMemory or WriteProcessMemory request was completed. (0x12B)
[1202/173308.705:ERROR:process_memory_win.cc(73)] ReadMemory at 0x179014bf5f6 of 608 bytes failed: Only part of a ReadProcessMemory or WriteProcessMemory request was completed. (0x12B)
[1202/173308.705:ERROR:process_memory_win.cc(73)] ReadMemory at 0x179017ce0f8 of 616 bytes failed: Only part of a ReadProcessMemory or WriteProcessMemory request was completed. (0x12B)
[1202/173308.705:ERROR:process_memory_win.cc(73)] ReadMemory at 0x17901863850 of 512 bytes failed: Only part of a ReadProcessMemory or WriteProcessMemory request was completed. (0x12B)
[1202/173308.706:ERROR:process_memory_win.cc(73)] ReadMemory at 0x179018652d0 of 512 bytes failed: Only part of a ReadProcessMemory or WriteProcessMemory request was completed. (0x12B)
[1202/173308.706:ERROR:process_memory_win.cc(73)] ReadMemory at 0x1790187cbc0 of 512 bytes failed: Only part of a ReadProcessMemory or WriteProcessMemory request was completed. (0x12B)
[1202/173308.706:ERROR:process_memory_win.cc(73)] ReadMemory at 0x17901997ba0 of 512 bytes failed: Only part of a ReadProcessMemory or WriteProcessMemory request was completed. (0x12B)
[1202/173308.706:ERROR:process_memory_win.cc(73)] ReadMemory at 0x17901fa25c0 of 512 bytes failed: Only part of a ReadProcessMemory or WriteProcessMemory request was completed. (0x12B)
[1202/173308.706:ERROR:process_memory_win.cc(73)] ReadMemory at 0x179020cc8c0 of 512 bytes failed: Only part of a ReadProcessMemory or WriteProcessMemory request was completed. (0x12B)
[1202/173308.706:ERROR:process_memory_win.cc(73)] ReadMemory at 0x179021570a0 of 512 bytes failed: Only part of a ReadProcessMemory or WriteProcessMemory request was completed. (0x12B)
[1202/173308.706:ERROR:process_memory_win.cc(73)] ReadMemory at 0x17978370000 of 384 bytes failed: Only part of a ReadProcessMemory or WriteProcessMemory request was completed. (0x12B)
[1202/173308.706:ERROR:process_memory_win.cc(73)] ReadMemory at 0x17978370fe0 of 5530 bytes failed: Only part of a ReadProcessMemory or WriteProcessMemory request was completed. (0x12B)
[1202/173308.706:ERROR:process_memory_win.cc(73)] ReadMemory at 0x17978372590 of 1012 bytes failed: Only part of a ReadProcessMemory or WriteProcessMemory request was completed. (0x12B)
[1202/173308.706:ERROR:process_memory_win.cc(73)] ReadMemory at 0x17978372bd8 of 118 bytes failed: Only part of a ReadProcessMemory or WriteProcessMemory request was completed. (0x12B)
[1202/173308.706:ERROR:process_memory_win.cc(73)] ReadMemory at 0x17978372c50 of 758 bytes failed: Only part of a ReadProcessMemory or WriteProcessMemory request was completed. (0x12B)
[1202/173308.706:ERROR:process_memory_win.cc(73)] ReadMemory at 0x17978372f48 of 118 bytes failed: Only part of a ReadProcessMemory or WriteProcessMemory request was completed. (0x12B)
[1202/173308.706:ERROR:process_memory_win.cc(73)] ReadMemory at 0x17978372fc0 of 96 bytes failed: Only part of a ReadProcessMemory or WriteProcessMemory request was completed. (0x12B)
[1202/173308.706:ERROR:process_memory_win.cc(73)] ReadMemory at 0x17978373030 of 58 bytes failed: Only part of a ReadProcessMemory or WriteProcessMemory request was completed. (0x12B)
[1202/173308.706:ERROR:process_memory_win.cc(73)] ReadMemory at 0x17978373130 of 132 bytes failed: Only part of a ReadProcessMemory or WriteProcessMemory request was completed. (0x12B)
[1202/173308.706:ERROR:process_memory_win.cc(73)] ReadMemory at 0x179783732c0 of 132 bytes failed: Only part of a ReadProcessMemory or WriteProcessMemory request was completed. (0x12B)
[1202/173308.706:ERROR:process_memory_win.cc(73)] ReadMemory at 0x17978373480 of 126 bytes failed: Only part of a ReadProcessMemory or WriteProcessMemory request was completed. (0x12B)
[1202/173308.706:ERROR:process_memory_win.cc(73)] ReadMemory at 0x17978373980 of 132 bytes failed: Only part of a ReadProcessMemory or WriteProcessMemory request was completed. (0x12B)
[1202/173308.706:ERROR:process_memory_win.cc(73)] ReadMemory at 0x17978373b10 of 64 bytes failed: Only part of a ReadProcessMemory or WriteProcessMemory request was completed. (0x12B)
[1202/173308.706:ERROR:process_memory_win.cc(73)] ReadMemory at 0x17978373cd0 of 132 bytes failed: Only part of a ReadProcessMemory or WriteProcessMemory request was completed. (0x12B)
[1202/173308.706:ERROR:process_memory_win.cc(73)] ReadMemory at 0x17978373f70 of 132 bytes failed: Only part of a ReadProcessMemory or WriteProcessMemory request was completed. (0x12B)
[1202/173308.707:ERROR:process_memory_win.cc(73)] ReadMemory at 0x17978374100 of 68 bytes failed: Only part of a ReadProcessMemory or WriteProcessMemory request was completed. (0x12B)
[1202/173308.707:ERROR:process_memory_win.cc(73)] ReadMemory at 0x179783751d0 of 132 bytes failed: Only part of a ReadProcessMemory or WriteProcessMemory request was completed. (0x12B)
[1202/173308.707:ERROR:process_memory_win.cc(73)] ReadMemory at 0x17978375360 of 154 bytes failed: Only part of a ReadProcessMemory or WriteProcessMemory request was completed. (0x12B)
[1202/173308.707:ERROR:process_memory_win.cc(73)] ReadMemory at 0x17978376070 of 132 bytes failed: Only part of a ReadProcessMemory or WriteProcessMemory request was completed. (0x12B)
[1202/173308.707:ERROR:process_memory_win.cc(73)] ReadMemory at 0x17978376e30 of 60 bytes failed: Only part of a ReadProcessMemory or WriteProcessMemory request was completed. (0x12B)
[1202/173308.707:ERROR:process_memory_win.cc(73)] ReadMemory at 0x17978376e80 of 62 bytes failed: Only part of a ReadProcessMemory or WriteProcessMemory request was completed. (0x12B)
[1202/173308.707:ERROR:process_memory_win.cc(73)] ReadMemory at 0x1797837f300 of 80 bytes failed: Only part of a ReadProcessMemory or WriteProcessMemory request was completed. (0x12B)
[1202/173308.707:ERROR:process_memory_win.cc(73)] ReadMemory at 0x1797837f540 of 80 bytes failed: Only part of a ReadProcessMemory or WriteProcessMemory request was completed. (0x12B)
[1202/173308.707:ERROR:process_memory_win.cc(73)] ReadMemory at 0x179783834c0 of 132 bytes failed: Only part of a ReadProcessMemory or WriteProcessMemory request was completed. (0x12B)
[1202/173308.707:ERROR:process_memory_win.cc(73)] ReadMemory at 0x17978383910 of 132 bytes failed: Only part of a ReadProcessMemory or WriteProcessMemory request was completed. (0x12B)
[1202/173308.707:ERROR:process_memory_win.cc(73)] ReadMemory at 0x17978384000 of 132 bytes failed: Only part of a ReadProcessMemory or WriteProcessMemory request was completed. (0x12B)
[1202/173308.707:ERROR:process_memory_win.cc(73)] ReadMemory at 0x17978384f40 of 132 bytes failed: Only part of a ReadProcessMemory or WriteProcessMemory request was completed. (0x12B)
[1202/173308.707:ERROR:process_memory_win.cc(73)] ReadMemory at 0x17978385880 of 132 bytes failed: Only part of a ReadProcessMemory or WriteProcessMemory request was completed. (0x12B)
[1202/173308.707:ERROR:process_memory_win.cc(73)] ReadMemory at 0x17978385af0 of 132 bytes failed: Only part of a ReadProcessMemory or WriteProcessMemory request was completed. (0x12B)
[1202/173308.707:ERROR:process_memory_win.cc(73)] ReadMemory at 0x17978385d50 of 132 bytes failed: Only part of a ReadProcessMemory or WriteProcessMemory request was completed. (0x12B)
[1202/173308.707:ERROR:process_memory_win.cc(73)] ReadMemory at 0x17978385e80 of 132 bytes failed: Only part of a ReadProcessMemory or WriteProcessMemory request was completed. (0x12B)
[1202/173308.707:ERROR:process_memory_win.cc(73)] ReadMemory at 0x17978385fb0 of 132 bytes failed: Only part of a ReadProcessMemory or WriteProcessMemory request was completed. (0x12B)
[1202/173308.707:ERROR:process_memory_win.cc(73)] ReadMemory at 0x179783860e0 of 132 bytes failed: Only part of a ReadProcessMemory or WriteProcessMemory request was completed. (0x12B)
[1202/173308.707:ERROR:process_memory_win.cc(73)] ReadMemory at 0x17978386210 of 132 bytes failed: Only part of a ReadProcessMemory or WriteProcessMemory request was completed. (0x12B)
[1202/173308.707:ERROR:process_memory_win.cc(73)] ReadMemory at 0x17978386340 of 132 bytes failed: Only part of a ReadProcessMemory or WriteProcessMemory request was completed. (0x12B)
[1202/173308.707:ERROR:process_memory_win.cc(73)] ReadMemory at 0x17978386470 of 132 bytes failed: Only part of a ReadProcessMemory or WriteProcessMemory request was completed. (0x12B)
[1202/173308.707:ERROR:process_memory_win.cc(73)] ReadMemory at 0x179783865a0 of 132 bytes failed: Only part of a ReadProcessMemory or WriteProcessMemory request was completed. (0x12B)
[1202/173308.708:ERROR:process_memory_win.cc(73)] ReadMemory at 0x179783866d0 of 132 bytes failed: Only part of a ReadProcessMemory or WriteProcessMemory request was completed. (0x12B)
[1202/173308.708:ERROR:process_memory_win.cc(73)] ReadMemory at 0x17978386800 of 132 bytes failed: Only part of a ReadProcessMemory or WriteProcessMemory request was completed. (0x12B)
[1202/173308.708:ERROR:process_memory_win.cc(73)] ReadMemory at 0x17978386a60 of 132 bytes failed: Only part of a ReadProcessMemory or WriteProcessMemory request was completed. (0x12B)
[1202/173308.708:ERROR:process_memory_win.cc(73)] ReadMemory at 0x17978386b90 of 132 bytes failed: Only part of a ReadProcessMemory or WriteProcessMemory request was completed. (0x12B)
[1202/173308.708:ERROR:process_memory_win.cc(73)] ReadMemory at 0x17978388830 of 54 bytes failed: Only part of a ReadProcessMemory or WriteProcessMemory request was completed. (0x12B)
[1202/173308.708:ERROR:process_memory_win.cc(73)] ReadMemory at 0x179783890d0 of 132 bytes failed: Only part of a ReadProcessMemory or WriteProcessMemory request was completed. (0x12B)
[1202/173308.708:ERROR:process_memory_win.cc(73)] ReadMemory at 0x179783896f0 of 132 bytes failed: Only part of a ReadProcessMemory or WriteProcessMemory request was completed. (0x12B)
[1202/173308.708:ERROR:process_memory_win.cc(73)] ReadMemory at 0x17978389a10 of 132 bytes failed: Only part of a ReadProcessMemory or WriteProcessMemory request was completed. (0x12B)
[1202/173308.708:ERROR:process_memory_win.cc(73)] ReadMemory at 0x1797838ba10 of 132 bytes failed: Only part of a ReadProcessMemory or WriteProcessMemory request was completed. (0x12B)
[1202/173308.708:ERROR:process_memory_win.cc(73)] ReadMemory at 0x1797838bb40 of 146 bytes failed: Only part of a ReadProcessMemory or WriteProcessMemory request was completed. (0x12B)
[1202/173308.708:ERROR:process_memory_win.cc(73)] ReadMemory at 0x1797838bd20 of 62 bytes failed: Only part of a ReadProcessMemory or WriteProcessMemory request was completed. (0x12B)
[1202/173308.708:ERROR:process_memory_win.cc(73)] ReadMemory at 0x1797838bdc0 of 60 bytes failed: Only part of a ReadProcessMemory or WriteProcessMemory request was completed. (0x12B)
[1202/173308.708:ERROR:process_memory_win.cc(73)] ReadMemory at 0x1797838be10 of 64 bytes failed: Only part of a ReadProcessMemory or WriteProcessMemory request was completed. (0x12B)
[1202/173308.708:ERROR:process_memory_win.cc(73)] ReadMemory at 0x1797838beb0 of 62 bytes failed: Only part of a ReadProcessMemory or WriteProcessMemory request was completed. (0x12B)
[1202/173308.708:ERROR:process_memory_win.cc(73)] ReadMemory at 0x1797838bf50 of 64 bytes failed: Only part of a ReadProcessMemory or WriteProcessMemory request was completed. (0x12B)
[1202/173308.708:ERROR:process_memory_win.cc(73)] ReadMemory at 0x1797838bff0 of 64 bytes failed: Only part of a ReadProcessMemory or WriteProcessMemory request was completed. (0x12B)
[1202/173308.708:ERROR:process_memory_win.cc(73)] ReadMemory at 0x1797838c040 of 64 bytes failed: Only part of a ReadProcessMemory or WriteProcessMemory request was completed. (0x12B)
[1202/173308.709:ERROR:process_memory_win.cc(73)] ReadMemory at 0x1797838c1d0 of 66 bytes failed: Only part of a ReadProcessMemory or WriteProcessMemory request was completed. (0x12B)
[1202/173308.709:ERROR:process_memory_win.cc(73)] ReadMemory at 0x1797838c220 of 64 bytes failed: Only part of a ReadProcessMemory or WriteProcessMemory request was completed. (0x12B)
[1202/173308.709:ERROR:process_memory_win.cc(73)] ReadMemory at 0x1797838c310 of 62 bytes failed: Only part of a ReadProcessMemory or WriteProcessMemory request was completed. (0x12B)
[1202/173308.709:ERROR:process_memory_win.cc(73)] ReadMemory at 0x1797838c360 of 64 bytes failed: Only part of a ReadProcessMemory or WriteProcessMemory request was completed. (0x12B)
[1202/173308.709:ERROR:process_memory_win.cc(73)] ReadMemory at 0x1797838c3b0 of 60 bytes failed: Only part of a ReadProcessMemory or WriteProcessMemory request was completed. (0x12B)
[1202/173308.709:ERROR:process_memory_win.cc(73)] ReadMemory at 0x1797838c400 of 60 bytes failed: Only part of a ReadProcessMemory or WriteProcessMemory request was completed. (0x12B)
[1202/173308.709:ERROR:process_memory_win.cc(73)] ReadMemory at 0x1797838c4a0 of 64 bytes failed: Only part of a ReadProcessMemory or WriteProcessMemory request was completed. (0x12B)
[1202/173308.709:ERROR:process_memory_win.cc(73)] ReadMemory at 0x1797838c630 of 64 bytes failed: Only part of a ReadProcessMemory or WriteProcessMemory request was completed. (0x12B)
[1202/173308.709:ERROR:process_memory_win.cc(73)] ReadMemory at 0x1797838c720 of 60 bytes failed: Only part of a ReadProcessMemory or WriteProcessMemory request was completed. (0x12B)
[1202/173308.709:ERROR:process_memory_win.cc(73)] ReadMemory at 0x1797838c7c0 of 58 bytes failed: Only part of a ReadProcessMemory or WriteProcessMemory request was completed. (0x12B)
[1202/173308.709:ERROR:process_memory_win.cc(73)] ReadMemory at 0x1797838c810 of 62 bytes failed: Only part of a ReadProcessMemory or WriteProcessMemory request was completed. (0x12B)
[1202/173308.709:ERROR:process_memory_win.cc(73)] ReadMemory at 0x1797838c860 of 62 bytes failed: Only part of a ReadProcessMemory or WriteProcessMemory request was completed. (0x12B)
[1202/173308.709:ERROR:process_memory_win.cc(73)] ReadMemory at 0x1797838c8b0 of 62 bytes failed: Only part of a ReadProcessMemory or WriteProcessMemory request was completed. (0x12B)
[1202/173308.709:ERROR:process_memory_win.cc(73)] ReadMemory at 0x1797838c9a0 of 62 bytes failed: Only part of a ReadProcessMemory or WriteProcessMemory request was completed. (0x12B)
[1202/173308.709:ERROR:process_memory_win.cc(73)] ReadMemory at 0x1797838c9f0 of 62 bytes failed: Only part of a ReadProcessMemory or WriteProcessMemory request was completed. (0x12B)
[1202/173308.709:ERROR:process_memory_win.cc(73)] ReadMemory at 0x1797838ca40 of 66 bytes failed: Only part of a ReadProcessMemory or WriteProcessMemory request was completed. (0x12B)
[1202/173308.709:ERROR:process_memory_win.cc(73)] ReadMemory at 0x1797838ca90 of 62 bytes failed: Only part of a ReadProcessMemory or WriteProcessMemory request was completed. (0x12B)
[1202/173308.710:ERROR:process_memory_win.cc(73)] ReadMemory at 0x1797838cae0 of 60 bytes failed: Only part of a ReadProcessMemory or WriteProcessMemory request was completed. (0x12B)
[1202/173308.710:ERROR:process_memory_win.cc(73)] ReadMemory at 0x1797838cb80 of 62 bytes failed: Only part of a ReadProcessMemory or WriteProcessMemory request was completed. (0x12B)
[1202/173308.710:ERROR:process_memory_win.cc(73)] ReadMemory at 0x1797838cc20 of 60 bytes failed: Only part of a ReadProcessMemory or WriteProcessMemory request was completed. (0x12B)
[1202/173308.710:ERROR:process_memory_win.cc(73)] ReadMemory at 0x17978391560 of 132 bytes failed: Only part of a ReadProcessMemory or WriteProcessMemory request was completed. (0x12B)
[1202/173308.710:ERROR:process_memory_win.cc(73)] ReadMemory at 0x179783917c0 of 132 bytes failed: Only part of a ReadProcessMemory or WriteProcessMemory request was completed. (0x12B)
[1202/173308.710:ERROR:process_memory_win.cc(73)] ReadMemory at 0x17978391c80 of 132 bytes failed: Only part of a ReadProcessMemory or WriteProcessMemory request was completed. (0x12B)
[1202/173308.710:ERROR:process_memory_win.cc(73)] ReadMemory at 0x17978391db0 of 132 bytes failed: Only part of a ReadProcessMemory or WriteProcessMemory request was completed. (0x12B)
[1202/173308.710:ERROR:process_memory_win.cc(73)] ReadMemory at 0x17978391ee0 of 132 bytes failed: Only part of a ReadProcessMemory or WriteProcessMemory request was completed. (0x12B)
[1202/173308.710:ERROR:process_memory_win.cc(73)] ReadMemory at 0x17978392270 of 132 bytes failed: Only part of a ReadProcessMemory or WriteProcessMemory request was completed. (0x12B)
[1202/173308.710:ERROR:process_memory_win.cc(73)] ReadMemory at 0x179783923a0 of 132 bytes failed: Only part of a ReadProcessMemory or WriteProcessMemory request was completed. (0x12B)
[1202/173308.710:ERROR:process_memory_win.cc(73)] ReadMemory at 0x17978392600 of 132 bytes failed: Only part of a ReadProcessMemory or WriteProcessMemory request was completed. (0x12B)
[1202/173308.710:ERROR:process_memory_win.cc(73)] ReadMemory at 0x17978392990 of 132 bytes failed: Only part of a ReadProcessMemory or WriteProcessMemory request was completed. (0x12B)
[1202/173308.710:ERROR:process_memory_win.cc(73)] ReadMemory at 0x17978392ac0 of 132 bytes failed: Only part of a ReadProcessMemory or WriteProcessMemory request was completed. (0x12B)
[1202/173308.710:ERROR:process_memory_win.cc(73)] ReadMemory at 0x17978397ca0 of 76 bytes failed: Only part of a ReadProcessMemory or WriteProcessMemory request was completed. (0x12B)
[1202/173308.710:ERROR:process_memory_win.cc(73)] ReadMemory at 0x179783d8260 of 512 bytes failed: Only part of a ReadProcessMemory or WriteProcessMemory request was completed. (0x12B)
[1202/173308.711:ERROR:process_memory_win.cc(73)] ReadMemory at 0x179783ea040 of 512 bytes failed: Only part of a ReadProcessMemory or WriteProcessMemory request was completed. (0x12B)
[1202/173308.711:ERROR:process_memory_win.cc(73)] ReadMemory at 0x179783ea4c0 of 512 bytes failed: Only part of a ReadProcessMemory or WriteProcessMemory request was completed. (0x12B)
[1202/173308.711:ERROR:process_memory_win.cc(73)] ReadMemory at 0x179783eb740 of 512 bytes failed: Only part of a ReadProcessMemory or WriteProcessMemory request was completed. (0x12B)
[1202/173308.711:ERROR:process_memory_win.cc(73)] ReadMemory at 0x179783f68d8 of 512 bytes failed: Only part of a ReadProcessMemory or WriteProcessMemory request was completed. (0x12B)
[1202/173308.711:ERROR:process_memory_win.cc(73)] ReadMemory at 0x179783fe9a0 of 512 bytes failed: Only part of a ReadProcessMemory or WriteProcessMemory request was completed. (0x12B)
[1202/173308.711:ERROR:process_memory_win.cc(73)] ReadMemory at 0x179783fefc0 of 712 bytes failed: Only part of a ReadProcessMemory or WriteProcessMemory request was completed. (0x12B)
[1202/173308.711:ERROR:process_memory_win.cc(73)] ReadMemory at 0x1797840a770 of 512 bytes failed: Only part of a ReadProcessMemory or WriteProcessMemory request was completed. (0x12B)
[1202/173308.711:ERROR:process_memory_win.cc(73)] ReadMemory at 0x1797842a7d8 of 512 bytes failed: Only part of a ReadProcessMemory or WriteProcessMemory request was completed. (0x12B)
[1202/173308.711:ERROR:process_memory_win.cc(73)] ReadMemory at 0x1797842b9d8 of 800 bytes failed: Only part of a ReadProcessMemory or WriteProcessMemory request was completed. (0x12B)
[1202/173308.711:ERROR:process_memory_win.cc(73)] ReadMemory at 0x17978436b20 of 512 bytes failed: Only part of a ReadProcessMemory or WriteProcessMemory request was completed. (0x12B)
[1202/173308.711:ERROR:process_memory_win.cc(73)] ReadMemory at 0x179784388c0 of 512 bytes failed: Only part of a ReadProcessMemory or WriteProcessMemory request was completed. (0x12B)
[1202/173308.711:ERROR:process_memory_win.cc(73)] ReadMemory at 0x1797843a770 of 512 bytes failed: Only part of a ReadProcessMemory or WriteProcessMemory request was completed. (0x12B)
[1202/173308.711:ERROR:process_memory_win.cc(73)] ReadMemory at 0x63495e7418c0 of 512 bytes failed: Only part of a ReadProcessMemory or WriteProcessMemory request was completed. (0x12B)
[1202/173308.711:ERROR:process_memory_win.cc(73)] ReadMemory at 0x7ff88565030d of 512 bytes failed: Only part of a ReadProcessMemory or WriteProcessMemory request was completed. (0x12B)
[1202/173308.711:ERROR:process_memory_win.cc(73)] ReadMemory at 0x7ff8867dd21a of 512 bytes failed: Only part of a ReadProcessMemory or WriteProcessMemory request was completed. (0x12B)
[1202/173308.711:ERROR:process_memory_win.cc(73)] ReadMemory at 0x7ff887963fc0 of 512 bytes failed: Only part of a ReadProcessMemory or WriteProcessMemory request was completed. (0x12B)
[1202/173308.711:ERROR:process_memory_win.cc(73)] ReadMemory at 0x7ff887d2839c of 512 bytes failed: Only part of a ReadProcessMemory or WriteProcessMemory request was completed. (0x12B)
[1202/173308.712:ERROR:process_memory_win.cc(73)] ReadMemory at 0x7ff88e15baa8 of 512 bytes failed: Only part of a ReadProcessMemory or WriteProcessMemory request was completed. (0x12B)
[1202/173308.712:ERROR:process_memory_win.cc(73)] ReadMemory at 0x7ff88e4668c0 of 512 bytes failed: Only part of a ReadProcessMemory or WriteProcessMemory request was completed. (0x12B)
[1202/173308.712:ERROR:process_memory_win.cc(73)] ReadMemory at 0x7ff8c6f1a719 of 512 bytes failed: Only part of a ReadProcessMemory or WriteProcessMemory request was completed. (0x12B)
[1202/173308.712:ERROR:process_memory_win.cc(73)] ReadMemory at 0x7ff8c6f4e0e8 of 512 bytes failed: Only part of a ReadProcessMemory or WriteProcessMemory request was completed. (0x12B)
[1202/173308.712:ERROR:process_memory_win.cc(73)] ReadMemory at 0x7ff8c7511f80 of 512 bytes failed: Only part of a ReadProcessMemory or WriteProcessMemory request was completed. (0x12B)
[1202/173308.712:ERROR:process_memory_win.cc(73)] ReadMemory at 0x7ff8c937c074 of 512 bytes failed: Only part of a ReadProcessMemory or WriteProcessMemory request was completed. (0x12B)
[1202/173308.712:ERROR:process_memory_win.cc(73)] ReadMemory at 0x7ff8c937c674 of 512 bytes failed: Only part of a ReadProcessMemory or WriteProcessMemory request was completed. (0x12B)
[1202/173308.712:ERROR:process_memory_win.cc(73)] ReadMemory at 0x7ff8c937f924 of 608 bytes failed: Only part of a ReadProcessMemory or WriteProcessMemory request was completed. (0x12B)
[1202/173308.712:ERROR:process_memory_win.cc(73)] ReadMemory at 0x7ff8c940c428 of 18 bytes failed: Only part of a ReadProcessMemory or WriteProcessMemory request was completed. (0x12B)
[1202/173308.712:ERROR:process_memory_win.cc(73)] ReadMemory at 0x7ff8c943f4f8 of 40 bytes failed: Only part of a ReadProcessMemory or WriteProcessMemory request was completed. (0x12B)
[1202/173308.712:ERROR:process_memory_win.cc(73)] ReadMemory at 0x7ff8c943f978 of 48 bytes failed: Only part of a ReadProcessMemory or WriteProcessMemory request was completed. (0x12B)
[1202/173308.712:ERROR:process_memory_win.cc(73)] ReadMemory at 0x7ff8c94453c0 of 64 bytes failed: Only part of a ReadProcessMemory or WriteProcessMemory request was completed. (0x12B)
[1202/173308.714:ERROR:scoped_process_suspend.cc(40)] NtResumeProcess: An attempt was made to access an exiting process. (0xc000010a)
